<?xml version="1.0" encoding="UTF-8"?>
<!-- Generated by org.testng.reporters.JUnitReportReporter -->
<testsuite hostname="霞姐姐" name="testCase.LoginText" tests="1" failures="0" timestamp="30 May 2018 07:59:53 GMT" time="173.306" errors="0">
  <testcase name="login" time="173.306" classname="testCase.LoginText"/>
</testsuite> <!-- testCase.LoginText -->
